<?xml version="1.0" encoding="UTF-8"?>
<!-- Generated by org.testng.reporters.JUnitXMLReporter -->
<testsuite ignored="0" hostname="DESKTOP-RD9ONFH" failures="0" tests="23" name="Default test" time="122.686" errors="0" timestamp="2024-04-14T20:22:55 IST">
  <testcase classname="org.ctaklearnertracker.pages.TestClass" name="LG_TR_02" time="3.174"/>
  <testcase classname="org.ctaklearnertracker.pages.TestClass" name="LG_TR_03" time="2.747"/>
  <testcase classname="org.ctaklearnertracker.pages.TestClass" name="LG_TR_04" time="2.634"/>
  <testcase classname="org.ctaklearnertracker.pages.TestClass" name="LG_TR_05" time="2.747"/>
  <testcase classname="org.ctaklearnertracker.pages.TestClass" name="LG_TR_01" time="5.401"/>
  <testcase classname="org.ctaklearnertracker.pages.TestClass" name="TC_LR_002" time="6.867"/>
  <testcase classname="org.ctaklearnertracker.pages.TestClass" name="TC_LR_003" time="1.834"/>
  <testcase classname="org.ctaklearnertracker.pages.TestClass" name="TC_LR_004" time="1.704"/>
  <testcase classname="org.ctaklearnertracker.pages.TestClass" name="TC_LR_005" time="1.9"/>
  <testcase classname="org.ctaklearnertracker.pages.TestClass" name="TC_LR_006" time="1.799"/>
  <testcase classname="org.ctaklearnertracker.pages.TestClass" name="TC_LR_007" time="1.667"/>
  <testcase classname="org.ctaklearnertracker.pages.TestClass" name="TC_LR_001" time="10.494"/>
  <testcase classname="org.ctaklearnertracker.pages.TestClass" name="TC_CSV_01" time="10.323"/>
  <testcase classname="org.ctaklearnertracker.pages.TestClass" name="TC_ED_01" time="13.679"/>
  <testcase classname="org.ctaklearnertracker.pages.TestClass" name="TC_DE_01" time="4.852"/>
  <testcase classname="org.ctaklearnertracker.pages.TestClass" name="LO_TH_01" time="5.292"/>
  <testcase classname="org.ctaklearnertracker.pages.TestClass" name="LG_PO_02" time="3.023"/>
  <testcase classname="org.ctaklearnertracker.pages.TestClass" name="LG_PO_03" time="2.659"/>
  <testcase classname="org.ctaklearnertracker.pages.TestClass" name="LG_PO_04" time="2.863"/>
  <testcase classname="org.ctaklearnertracker.pages.TestClass" name="LG_PO_05" time="2.759"/>
  <testcase classname="org.ctaklearnertracker.pages.TestClass" name="LG_PO_01" time="5.461"/>
  <testcase classname="org.ctaklearnertracker.pages.TestClass" name="TC_PS_01" time="5.035"/>
  <testcase classname="org.ctaklearnertracker.pages.TestClass" name="LO_PO_01" time="4.588"/>
</testsuite> <!-- Default test -->
