<?xml version="1.0" encoding="UTF-8"?>
<testng-results ignored="0" total="23" passed="23" failed="0" skipped="0">
  <reporter-output>
  </reporter-output>
  <suite started-at="2024-04-14T20:20:52 IST" name="Default suite" finished-at="2024-04-14T20:22:55 IST" duration-ms="122686">
    <groups>
    </groups>
    <test started-at="2024-04-14T20:20:52 IST" name="Default test" finished-at="2024-04-14T20:22:55 IST" duration-ms="122686">
      <class name="org.ctaklearnertracker.pages.TestClass">
        <test-method is-config="true" signature="configure()[pri:0, instance:org.ctaklearnertracker.pages.TestClass@229c6181]" started-at="2024-04-14T20:20:52 IST" name="configure" finished-at="2024-04-14T20:21:10 IST" duration-ms="18087" status="PASS">
          <reporter-output>
          </reporter-output>
        </test-method> <!-- configure -->
        <test-method signature="LG_TR_02()[pri:1, instance:org.ctaklearnertracker.pages.TestClass@229c6181]" started-at="2024-04-14T20:21:10 IST" name="LG_TR_02" finished-at="2024-04-14T20:21:13 IST" duration-ms="3174" status="PASS">
          <reporter-output>
          </reporter-output>
        </test-method> <!-- LG_TR_02 -->
        <test-method signature="LG_TR_03()[pri:2, instance:org.ctaklearnertracker.pages.TestClass@229c6181]" started-at="2024-04-14T20:21:13 IST" name="LG_TR_03" finished-at="2024-04-14T20:21:16 IST" duration-ms="2747" status="PASS">
          <reporter-output>
          </reporter-output>
        </test-method> <!-- LG_TR_03 -->
        <test-method signature="LG_TR_04()[pri:3, instance:org.ctaklearnertracker.pages.TestClass@229c6181]" started-at="2024-04-14T20:21:16 IST" name="LG_TR_04" finished-at="2024-04-14T20:21:19 IST" duration-ms="2634" status="PASS">
          <reporter-output>
          </reporter-output>
        </test-method> <!-- LG_TR_04 -->
        <test-method signature="LG_TR_05()[pri:4, instance:org.ctaklearnertracker.pages.TestClass@229c6181]" started-at="2024-04-14T20:21:19 IST" name="LG_TR_05" finished-at="2024-04-14T20:21:21 IST" duration-ms="2747" status="PASS">
          <reporter-output>
          </reporter-output>
        </test-method> <!-- LG_TR_05 -->
        <test-method signature="LG_TR_01()[pri:5, instance:org.ctaklearnertracker.pages.TestClass@229c6181]" started-at="2024-04-14T20:21:21 IST" name="LG_TR_01" finished-at="2024-04-14T20:21:27 IST" duration-ms="5401" status="PASS">
          <reporter-output>
          </reporter-output>
        </test-method> <!-- LG_TR_01 -->
        <test-method signature="TC_LR_002()[pri:6, instance:org.ctaklearnertracker.pages.TestClass@229c6181]" started-at="2024-04-14T20:21:27 IST" name="TC_LR_002" finished-at="2024-04-14T20:21:34 IST" duration-ms="6867" status="PASS">
          <reporter-output>
          </reporter-output>
        </test-method> <!-- TC_LR_002 -->
        <test-method signature="TC_LR_003()[pri:7, instance:org.ctaklearnertracker.pages.TestClass@229c6181]" started-at="2024-04-14T20:21:34 IST" name="TC_LR_003" finished-at="2024-04-14T20:21:36 IST" duration-ms="1834" status="PASS">
          <reporter-output>
          </reporter-output>
        </test-method> <!-- TC_LR_003 -->
        <test-method signature="TC_LR_004()[pri:8, instance:org.ctaklearnertracker.pages.TestClass@229c6181]" started-at="2024-04-14T20:21:36 IST" name="TC_LR_004" finished-at="2024-04-14T20:21:37 IST" duration-ms="1704" status="PASS">
          <reporter-output>
          </reporter-output>
        </test-method> <!-- TC_LR_004 -->
        <test-method signature="TC_LR_005()[pri:9, instance:org.ctaklearnertracker.pages.TestClass@229c6181]" started-at="2024-04-14T20:21:37 IST" name="TC_LR_005" finished-at="2024-04-14T20:21:39 IST" duration-ms="1900" status="PASS">
          <reporter-output>
          </reporter-output>
        </test-method> <!-- TC_LR_005 -->
        <test-method signature="TC_LR_006()[pri:10, instance:org.ctaklearnertracker.pages.TestClass@229c6181]" started-at="2024-04-14T20:21:39 IST" name="TC_LR_006" finished-at="2024-04-14T20:21:41 IST" duration-ms="1799" status="PASS">
          <reporter-output>
          </reporter-output>
        </test-method> <!-- TC_LR_006 -->
        <test-method signature="TC_LR_007()[pri:11, instance:org.ctaklearnertracker.pages.TestClass@229c6181]" started-at="2024-04-14T20:21:41 IST" name="TC_LR_007" finished-at="2024-04-14T20:21:43 IST" duration-ms="1667" status="PASS">
          <reporter-output>
          </reporter-output>
        </test-method> <!-- TC_LR_007 -->
        <test-method signature="TC_LR_001()[pri:12, instance:org.ctaklearnertracker.pages.TestClass@229c6181]" started-at="2024-04-14T20:21:43 IST" name="TC_LR_001" finished-at="2024-04-14T20:21:53 IST" duration-ms="10494" status="PASS">
          <reporter-output>
          </reporter-output>
        </test-method> <!-- TC_LR_001 -->
        <test-method signature="TC_CSV_01()[pri:13, instance:org.ctaklearnertracker.pages.TestClass@229c6181]" started-at="2024-04-14T20:21:53 IST" name="TC_CSV_01" finished-at="2024-04-14T20:22:03 IST" duration-ms="10323" status="PASS">
          <reporter-output>
          </reporter-output>
        </test-method> <!-- TC_CSV_01 -->
        <test-method signature="TC_ED_01()[pri:14, instance:org.ctaklearnertracker.pages.TestClass@229c6181]" started-at="2024-04-14T20:22:03 IST" name="TC_ED_01" finished-at="2024-04-14T20:22:17 IST" duration-ms="13679" status="PASS">
          <reporter-output>
          </reporter-output>
        </test-method> <!-- TC_ED_01 -->
        <test-method signature="TC_DE_01()[pri:15, instance:org.ctaklearnertracker.pages.TestClass@229c6181]" started-at="2024-04-14T20:22:17 IST" name="TC_DE_01" finished-at="2024-04-14T20:22:22 IST" duration-ms="4852" status="PASS">
          <reporter-output>
          </reporter-output>
        </test-method> <!-- TC_DE_01 -->
        <test-method signature="LO_TH_01()[pri:16, instance:org.ctaklearnertracker.pages.TestClass@229c6181]" started-at="2024-04-14T20:22:22 IST" name="LO_TH_01" finished-at="2024-04-14T20:22:27 IST" duration-ms="5292" status="PASS">
          <reporter-output>
          </reporter-output>
        </test-method> <!-- LO_TH_01 -->
        <test-method signature="LG_PO_02()[pri:17, instance:org.ctaklearnertracker.pages.TestClass@229c6181]" started-at="2024-04-14T20:22:27 IST" name="LG_PO_02" finished-at="2024-04-14T20:22:30 IST" duration-ms="3023" status="PASS">
          <reporter-output>
          </reporter-output>
        </test-method> <!-- LG_PO_02 -->
        <test-method signature="LG_PO_03()[pri:18, instance:org.ctaklearnertracker.pages.TestClass@229c6181]" started-at="2024-04-14T20:22:30 IST" name="LG_PO_03" finished-at="2024-04-14T20:22:33 IST" duration-ms="2659" status="PASS">
          <reporter-output>
          </reporter-output>
        </test-method> <!-- LG_PO_03 -->
        <test-method signature="LG_PO_04()[pri:19, instance:org.ctaklearnertracker.pages.TestClass@229c6181]" started-at="2024-04-14T20:22:33 IST" name="LG_PO_04" finished-at="2024-04-14T20:22:36 IST" duration-ms="2863" status="PASS">
          <reporter-output>
          </reporter-output>
        </test-method> <!-- LG_PO_04 -->
        <test-method signature="LG_PO_05()[pri:20, instance:org.ctaklearnertracker.pages.TestClass@229c6181]" started-at="2024-04-14T20:22:36 IST" name="LG_PO_05" finished-at="2024-04-14T20:22:39 IST" duration-ms="2759" status="PASS">
          <reporter-output>
          </reporter-output>
        </test-method> <!-- LG_PO_05 -->
        <test-method signature="LG_PO_01()[pri:21, instance:org.ctaklearnertracker.pages.TestClass@229c6181]" started-at="2024-04-14T20:22:39 IST" name="LG_PO_01" finished-at="2024-04-14T20:22:44 IST" duration-ms="5461" status="PASS">
          <reporter-output>
          </reporter-output>
        </test-method> <!-- LG_PO_01 -->
        <test-method signature="TC_PS_01()[pri:22, instance:org.ctaklearnertracker.pages.TestClass@229c6181]" started-at="2024-04-14T20:22:44 IST" name="TC_PS_01" finished-at="2024-04-14T20:22:49 IST" duration-ms="5035" status="PASS">
          <reporter-output>
          </reporter-output>
        </test-method> <!-- TC_PS_01 -->
        <test-method signature="LO_PO_01()[pri:23, instance:org.ctaklearnertracker.pages.TestClass@229c6181]" started-at="2024-04-14T20:22:49 IST" name="LO_PO_01" finished-at="2024-04-14T20:22:54 IST" duration-ms="4588" status="PASS">
          <reporter-output>
          </reporter-output>
        </test-method> <!-- LO_PO_01 -->
        <test-method is-config="true" signature="afterTest()[pri:0, instance:org.ctaklearnertracker.pages.TestClass@229c6181]" started-at="2024-04-14T20:22:54 IST" name="afterTest" finished-at="2024-04-14T20:22:55 IST" duration-ms="805" status="PASS">
          <reporter-output>
          </reporter-output>
        </test-method> <!-- afterTest -->
      </class> <!-- org.ctaklearnertracker.pages.TestClass -->
    </test> <!-- Default test -->
  </suite> <!-- Default suite -->
</testng-results>
